<?xml version="1.0" encoding="UTF-8"?>
<!-- Generated by org.testng.reporters.JUnitReportReporter -->
<testsuite skipped="0" hostname="DESKTOP-3JT573J" name="demo.TestNGGroupsDemo" tests="2" failures="0" timestamp="2020-06-18T11:09:09 IST" time="0.023" errors="0">
  <testcase name="test3" time="0.005" classname="demo.TestNGGroupsDemo"/>
  <system-out/>
  <testcase name="test2" time="0.018" classname="demo.TestNGGroupsDemo"/>
  <system-out/>
</testsuite> <!-- demo.TestNGGroupsDemo -->
