<?xml version="1.0" encoding="UTF-8"?>
<!-- Generated by org.testng.reporters.JUnitReportReporter -->
<testsuite skipped="0" hostname="DESKTOP-3JT573J" name="test.ExtentReportDemoTestNG" tests="2" failures="0" timestamp="2020-06-10T15:47:30 IST" time="0.026" errors="0">
  <testcase name="test2" time="0.004" classname="test.ExtentReportDemoTestNG"/>
  <system-out/>
  <testcase name="test1" time="0.022" classname="test.ExtentReportDemoTestNG"/>
  <system-out/>
</testsuite> <!-- test.ExtentReportDemoTestNG -->
