<?xml version="1.0" encoding="UTF-8"?>
<!-- Generated by org.testng.reporters.JUnitReportReporter -->
<testsuite skipped="0" hostname="DESKTOP-3JT573J" name="demo.TestNGMultiBrowser" tests="2" failures="0" timestamp="2020-06-17T12:54:39 IST" time="18.082" errors="0">
  <testcase name="test" time="7.937" classname="demo.TestNGMultiBrowser"/>
  <system-out/>
  <testcase name="test" time="10.145" classname="demo.TestNGMultiBrowser"/>
  <system-out/>
</testsuite> <!-- demo.TestNGMultiBrowser -->
