<?xml version="1.0" encoding="UTF-8"?>
<!-- Generated by org.testng.reporters.JUnitReportReporter -->
<testsuite skipped="0" hostname="DESKTOP-3JT573J" name="test.TestNG_Demo" tests="1" failures="0" timestamp="2020-06-12T11:13:41 IST" time="9.663" errors="0">
  <testcase name="googleSearch" time="9.663" classname="test.TestNG_Demo"/>
  <system-out/>
</testsuite> <!-- test.TestNG_Demo -->
