<?xml version="1.0" encoding="UTF-8"?>
<!-- Generated by org.testng.reporters.JUnitReportReporter -->
<testsuite skipped="0" hostname="DESKTOP-3JT573J" name="listeners.TestNGListenerDemo" tests="3" failures="0" timestamp="2020-06-16T16:19:42 IST" time="0.025" errors="0">
  <testcase name="test2" time="0.004" classname="listeners.TestNGListenerDemo"/>
  <system-out/>
  <testcase name="test3" time="0.004" classname="listeners.TestNGListenerDemo"/>
  <system-out/>
  <testcase name="test1" time="0.017" classname="listeners.TestNGListenerDemo"/>
  <system-out/>
</testsuite> <!-- listeners.TestNGListenerDemo -->
