<?xml version="1.0" encoding="UTF-8"?>
<!-- Generated by org.testng.reporters.JUnitReportReporter -->
<testsuite skipped="0" hostname="DESKTOP-3JT573J" name="demo.TestNGParameterDemo" tests="1" failures="0" timestamp="2020-06-18T11:26:36 IST" time="0.017" errors="0">
  <testcase name="test" time="0.017" classname="demo.TestNGParameterDemo"/>
  <system-out/>
</testsuite> <!-- demo.TestNGParameterDemo -->
