<?xml version="1.0" encoding="UTF-8"?>
<!-- Generated by org.testng.reporters.JUnitReportReporter -->
<testsuite skipped="0" hostname="DESKTOP-3JT573J" name="demo.TestNGDependencyDemo" tests="2" failures="0" timestamp="2020-06-18T12:25:17 IST" time="0.032" errors="0">
  <testcase name="test1" time="0.011" classname="demo.TestNGDependencyDemo"/>
  <system-out/>
  <testcase name="test2" time="0.021" classname="demo.TestNGDependencyDemo"/>
  <system-out/>
</testsuite> <!-- demo.TestNGDependencyDemo -->
